<?xml version="1.0" encoding="UTF-8" ?>
<testsuite errors="0" failures="0" hostname="DavesLaptop" name="RBCRewardsCucumberTest.TestRunner" skipped="0" tests="16" time="18.264" timestamp="2016-12-16T23:15:22">
  <properties>
[...]
</properties>
  <testcase classname="Scenario: Check that all ways to redeem points are displayed on the page" name="Given user is on the landing page" time="0.001" />
  <testcase classname="Scenario: Check that all ways to redeem points are displayed on the page" name="Then the ways to redeem points panel is visible" time="0.0" />
  <testcase classname="Scenario: Check that all ways to redeem points are displayed on the page" name="And contains the text &apos;Ways to Redeem Your Points&apos;" time="0.0" />
  <testcase classname="junit.framework.TestSuite" name="Scenario: Check that all ways to redeem points are displayed on the page" time="9.998" />
  <testcase classname="Scenario: " name="Given user is on the landing page" time="0.0" />
  <testcase classname="Scenario: " name="And the ways to redeem points panel is visible" time="0.0" />
  <testcase classname="Scenario: " name="Then all the links are displayed" time="0.0" />
  <testcase classname="junit.framework.TestSuite" name="Scenario: " time="3.129" />
  <testcase classname="Scenario: " name="Given that user is viewing the Air Travel Redemption Schedule" time="0.0" />
  <testcase classname="Scenario: " name="Then the points and maximum ticket price information is correct" time="0.0" />
  <testcase classname="junit.framework.TestSuite" name="Scenario: " time="5.065" />
  <system-out><![CDATA[
3 Scenarios ([32m3 passed[0m)
8 Steps ([32m8 passed[0m)
0m18.170s

]]></system-out>
  <system-err><![CDATA[]]></system-err>
</testsuite>
